{
  "available_commands": [
    "play",
    "end",
    "key",
    "click",
    "wait",
    "state"
  ],
  "ready_for_command": true,
  "in_game": true,
  "game_state": {
    "screen_type": "NONE",
    "screen_state": {},
    "seed": 94071740055943281,
    "combat_state": {
      "draw_pile": [
        {
          "exhausts": false,
          "is_playable": true,
          "cost": 1,
          "name": "Golpe",
          "id": "Strike_B",
          "type": "ATTACK",
          "ethereal": false,
          "uuid": "95fd0be1-6636-429f-900e-a210e6bdb922",
          "upgrades": 0,
          "rarity": "BASIC",
          "has_target": true
        },
        {
          "exhausts": false,
          "is_playable": true,
          "cost": 1,
          "name": "Defender",
          "id": "Defend_B",
          "type": "SKILL",
          "ethereal": false,
          "uuid": "247877f2-3464-4e44-a1b4-295b1d0abcaf",
          "upgrades": 0,
          "rarity": "BASIC",
          "has_target": false
        },
        {
          "exhausts": false,
          "is_playable": true,
          "cost": 1,
          "name": "Invoca??o Dupla",
          "id": "Dualcast",
          "type": "SKILL",
          "ethereal": false,
          "uuid": "35d10abc-9286-43b3-b218-fd5e4540d2e8",
          "upgrades": 0,
          "rarity": "BASIC",
          "has_target": false
        },
        {
          "exhausts": false,
          "is_playable": true,
          "cost": 1,
          "name": "Golpe",
          "id": "Strike_B",
          "type": "ATTACK",
          "ethereal": false,
          "uuid": "0a50e86d-4f74-4b2a-b705-94452eb3c2e7",
          "upgrades": 0,
          "rarity": "BASIC",
          "has_target": true
        },
        {
          "exhausts": false,
          "is_playable": true,
          "cost": 1,
          "name": "Golpe",
          "id": "Strike_B",
          "type": "ATTACK",
          "ethereal": false,
          "uuid": "9ab89dcb-36b2-4e73-a846-fec9ee1f82c6",
          "upgrades": 0,
          "rarity": "BASIC",
          "has_target": true
        }
      ],
      "discard_pile": [],
      "exhaust_pile": [],
      "cards_discarded_this_turn": 0,
      "times_damaged": 3,
      "monsters": [
        {
          "is_gone": false,
          "move_hits": 1,
          "move_base_damage": 6,
          "last_move_id": 1,
          "half_dead": false,
          "move_adjusted_damage": 15,
          "max_hp": 49,
          "intent": "ATTACK",
          "second_last_move_id": 1,
          "move_id": 1,
          "name": "Cultista",
          "current_hp": 9,
          "block": 0,
          "id": "Cultist",
          "powers": [
            {
              "amount": 3,
              "just_applied": false,
              "name": "Ritual",
              "id": "Ritual"
            },
            {
              "amount": 9,
              "name": "For?a",
              "id": "Strength"
            }
          ]
        }
      ],
      "turn": 5,
      "limbo": [],
      "hand": [
        {
          "exhausts": false,
          "is_playable": true,
          "cost": 1,
          "name": "Defender",
          "id": "Defend_B",
          "type": "SKILL",
          "ethereal": false,
          "uuid": "2f5037f2-b6e0-4190-a8f0-b24a3a99e944",
          "upgrades": 0,
          "rarity": "BASIC",
          "has_target": false
        },
        {
          "exhausts": false,
          "is_playable": true,
          "cost": 1,
          "name": "Golpe",
          "id": "Strike_B",
          "type": "ATTACK",
          "ethereal": false,
          "uuid": "a2bd0a9f-b6df-4b47-a257-41f1d344cc0a",
          "upgrades": 0,
          "rarity": "BASIC",
          "has_target": true
        },
        {
          "exhausts": false,
          "is_playable": true,
          "cost": 1,
          "name": "Zap",
          "id": "Zap",
          "type": "SKILL",
          "ethereal": false,
          "uuid": "54e673b9-6a9e-4b07-afd4-b16a6a50eedb",
          "upgrades": 0,
          "rarity": "BASIC",
          "has_target": false
        },
        {
          "exhausts": false,
          "is_playable": true,
          "cost": 1,
          "name": "Defender",
          "id": "Defend_B",
          "type": "SKILL",
          "ethereal": false,
          "uuid": "83b5fcce-2c95-4491-88ab-f476908d3f71",
          "upgrades": 0,
          "rarity": "BASIC",
          "has_target": false
        },
        {
          "exhausts": false,
          "is_playable": true,
          "cost": 1,
          "name": "Defender",
          "id": "Defend_B",
          "type": "SKILL",
          "ethereal": false,
          "uuid": "30ac72c0-934e-4c77-aaa6-5f9ccb3866ca",
          "upgrades": 0,
          "rarity": "BASIC",
          "has_target": false
        }
      ],
      "player": {
        "orbs": [
          {
            "passive_amount": 3,
            "name": "Rel?mpago",
            "id": "Lightning",
            "evoke_amount": 8
          },
          {
            "passive_amount": 0,
            "name": "Slot de Orbe",
            "evoke_amount": 0
          },
          {
            "passive_amount": 0,
            "name": "Slot de Orbe",
            "evoke_amount": 0
          }
        ],
        "current_hp": 55,
        "block": 0,
        "max_hp": 82,
        "powers": [],
        "energy": 3
      }
    },
    "deck": [
      {
        "exhausts": false,
        "is_playable": true,
        "cost": 1,
        "name": "Golpe",
        "id": "Strike_B",
        "type": "ATTACK",
        "ethereal": false,
        "uuid": "0a50e86d-4f74-4b2a-b705-94452eb3c2e7",
        "upgrades": 0,
        "rarity": "BASIC",
        "has_target": true
      },
      {
        "exhausts": false,
        "is_playable": true,
        "cost": 1,
        "name": "Golpe",
        "id": "Strike_B",
        "type": "ATTACK",
        "ethereal": false,
        "uuid": "a2bd0a9f-b6df-4b47-a257-41f1d344cc0a",
        "upgrades": 0,
        "rarity": "BASIC",
        "has_target": true
      },
      {
        "exhausts": false,
        "is_playable": true,
        "cost": 1,
        "name": "Golpe",
        "id": "Strike_B",
        "type": "ATTACK",
        "ethereal": false,
        "uuid": "9ab89dcb-36b2-4e73-a846-fec9ee1f82c6",
        "upgrades": 0,
        "rarity": "BASIC",
        "has_target": true
      },
      {
        "exhausts": false,
        "is_playable": true,
        "cost": 1,
        "name": "Golpe",
        "id": "Strike_B",
        "type": "ATTACK",
        "ethereal": false,
        "uuid": "95fd0be1-6636-429f-900e-a210e6bdb922",
        "upgrades": 0,
        "rarity": "BASIC",
        "has_target": true
      },
      {
        "exhausts": false,
        "is_playable": true,
        "cost": 1,
        "name": "Defender",
        "id": "Defend_B",
        "type": "SKILL",
        "ethereal": false,
        "uuid": "247877f2-3464-4e44-a1b4-295b1d0abcaf",
        "upgrades": 0,
        "rarity": "BASIC",
        "has_target": false
      },
      {
        "exhausts": false,
        "is_playable": true,
        "cost": 1,
        "name": "Defender",
        "id": "Defend_B",
        "type": "SKILL",
        "ethereal": false,
        "uuid": "30ac72c0-934e-4c77-aaa6-5f9ccb3866ca",
        "upgrades": 0,
        "rarity": "BASIC",
        "has_target": false
      },
      {
        "exhausts": false,
        "is_playable": true,
        "cost": 1,
        "name": "Defender",
        "id": "Defend_B",
        "type": "SKILL",
        "ethereal": false,
        "uuid": "83b5fcce-2c95-4491-88ab-f476908d3f71",
        "upgrades": 0,
        "rarity": "BASIC",
        "has_target": false
      },
      {
        "exhausts": false,
        "is_playable": true,
        "cost": 1,
        "name": "Defender",
        "id": "Defend_B",
        "type": "SKILL",
        "ethereal": false,
        "uuid": "2f5037f2-b6e0-4190-a8f0-b24a3a99e944",
        "upgrades": 0,
        "rarity": "BASIC",
        "has_target": false
      },
      {
        "exhausts": false,
        "is_playable": true,
        "cost": 1,
        "name": "Zap",
        "id": "Zap",
        "type": "SKILL",
        "ethereal": false,
        "uuid": "54e673b9-6a9e-4b07-afd4-b16a6a50eedb",
        "upgrades": 0,
        "rarity": "BASIC",
        "has_target": false
      },
      {
        "exhausts": false,
        "is_playable": true,
        "cost": 1,
        "name": "Invoca??o Dupla",
        "id": "Dualcast",
        "type": "SKILL",
        "ethereal": false,
        "uuid": "35d10abc-9286-43b3-b218-fd5e4540d2e8",
        "upgrades": 0,
        "rarity": "BASIC",
        "has_target": false
      }
    ],
    "relics": [
      {
        "name": "Orbe Rachada",
        "id": "Cracked Core",
        "counter": -1
      }
    ],
    "max_hp": 82,
    "act_boss": "Hexaghost",
    "gold": 99,
    "action_phase": "WAITING_ON_USER",
    "act": 1,
    "screen_name": "NONE",
    "room_phase": "COMBAT",
    "is_screen_up": false,
    "potions": [
      {
        "requires_target": false,
        "can_use": false,
        "can_discard": false,
        "name": "Espa?o de Po??es",
        "id": "Potion Slot"
      },
      {
        "requires_target": false,
        "can_use": false,
        "can_discard": false,
        "name": "Espa?o de Po??es",
        "id": "Potion Slot"
      },
      {
        "requires_target": false,
        "can_use": false,
        "can_discard": false,
        "name": "Espa?o de Po??es",
        "id": "Potion Slot"
      }
    ],
    "current_hp": 55,
    "floor": 1,
    "ascension_level": 0,
    "class": "DEFECT",
    "map": [
      {
        "symbol": "M",
        "children": [
          {
            "x": 0,
            "y": 1
          },
          {
            "x": 1,
            "y": 1
          }
        ],
        "x": 0,
        "y": 0,
        "parents": []
      },
      {
        "symbol": "M",
        "children": [
          {
            "x": 2,
            "y": 1
          }
        ],
        "x": 1,
        "y": 0,
        "parents": []
      },
      {
        "symbol": "M",
        "children": [
          {
            "x": 5,
            "y": 1
          },
          {
            "x": 6,
            "y": 1
          }
        ],
        "x": 6,
        "y": 0,
        "parents": []
      },
      {
        "symbol": "$",
        "children": [
          {
            "x": 0,
            "y": 2
          }
        ],
        "x": 0,
        "y": 1,
        "parents": []
      },
      {
        "symbol": "M",
        "children": [
          {
            "x": 1,
            "y": 2
          }
        ],
        "x": 1,
        "y": 1,
        "parents": []
      },
      {
        "symbol": "?",
        "children": [
          {
            "x": 1,
            "y": 2
          }
        ],
        "x": 2,
        "y": 1,
        "parents": []
      },
      {
        "symbol": "M",
        "children": [
          {
            "x": 4,
            "y": 2
          },
          {
            "x": 5,
            "y": 2
          }
        ],
        "x": 5,
        "y": 1,
        "parents": []
      },
      {
        "symbol": "?",
        "children": [
          {
            "x": 5,
            "y": 2
          }
        ],
        "x": 6,
        "y": 1,
        "parents": []
      },
      {
        "symbol": "M",
        "children": [
          {
            "x": 0,
            "y": 3
          }
        ],
        "x": 0,
        "y": 2,
        "parents": []
      },
      {
        "symbol": "M",
        "children": [
          {
            "x": 1,
            "y": 3
          },
          {
            "x": 2,
            "y": 3
          }
        ],
        "x": 1,
        "y": 2,
        "parents": []
      },
      {
        "symbol": "M",
        "children": [
          {
            "x": 3,
            "y": 3
          }
        ],
        "x": 4,
        "y": 2,
        "parents": []
      },
      {
        "symbol": "?",
        "children": [
          {
            "x": 5,
            "y": 3
          },
          {
            "x": 6,
            "y": 3
          }
        ],
        "x": 5,
        "y": 2,
        "parents": []
      },
      {
        "symbol": "M",
        "children": [
          {
            "x": 1,
            "y": 4
          }
        ],
        "x": 0,
        "y": 3,
        "parents": []
      },
      {
        "symbol": "M",
        "children": [
          {
            "x": 2,
            "y": 4
          }
        ],
        "x": 1,
        "y": 3,
        "parents": []
      },
      {
        "symbol": "?",
        "children": [
          {
            "x": 2,
            "y": 4
          }
        ],
        "x": 2,
        "y": 3,
        "parents": []
      },
      {
        "symbol": "M",
        "children": [
          {
            "x": 3,
            "y": 4
          }
        ],
        "x": 3,
        "y": 3,
        "parents": []
      },
      {
        "symbol": "M",
        "children": [
          {
            "x": 4,
            "y": 4
          }
        ],
        "x": 5,
        "y": 3,
        "parents": []
      },
      {
        "symbol": "?",
        "children": [
          {
            "x": 6,
            "y": 4
          }
        ],
        "x": 6,
        "y": 3,
        "parents": []
      },
      {
        "symbol": "M",
        "children": [
          {
            "x": 0,
            "y": 5
          }
        ],
        "x": 1,
        "y": 4,
        "parents": []
      },
      {
        "symbol": "M",
        "children": [
          {
            "x": 1,
            "y": 5
          },
          {
            "x": 2,
            "y": 5
          }
        ],
        "x": 2,
        "y": 4,
        "parents": []
      },
      {
        "symbol": "M",
        "children": [
          {
            "x": 4,
            "y": 5
          }
        ],
        "x": 3,
        "y": 4,
        "parents": []
      },
      {
        "symbol": "?",
        "children": [
          {
            "x": 5,
            "y": 5
          }
        ],
        "x": 4,
        "y": 4,
        "parents": []
      },
      {
        "symbol": "M",
        "children": [
          {
            "x": 6,
            "y": 5
          }
        ],
        "x": 6,
        "y": 4,
        "parents": []
      },
      {
        "symbol": "R",
        "children": [
          {
            "x": 0,
            "y": 6
          }
        ],
        "x": 0,
        "y": 5,
        "parents": []
      },
      {
        "symbol": "E",
        "children": [
          {
            "x": 0,
            "y": 6
          }
        ],
        "x": 1,
        "y": 5,
        "parents": []
      },
      {
        "symbol": "R",
        "children": [
          {
            "x": 1,
            "y": 6
          }
        ],
        "x": 2,
        "y": 5,
        "parents": []
      },
      {
        "symbol": "R",
        "children": [
          {
            "x": 3,
            "y": 6
          }
        ],
        "x": 4,
        "y": 5,
        "parents": []
      },
      {
        "symbol": "E",
        "children": [
          {
            "x": 6,
            "y": 6
          }
        ],
        "x": 5,
        "y": 5,
        "parents": []
      },
      {
        "symbol": "E",
        "children": [
          {
            "x": 6,
            "y": 6
          }
        ],
        "x": 6,
        "y": 5,
        "parents": []
      },
      {
        "symbol": "M",
        "children": [
          {
            "x": 0,
            "y": 7
          }
        ],
        "x": 0,
        "y": 6,
        "parents": []
      },
      {
        "symbol": "M",
        "children": [
          {
            "x": 0,
            "y": 7
          }
        ],
        "x": 1,
        "y": 6,
        "parents": []
      },
      {
        "symbol": "M",
        "children": [
          {
            "x": 4,
            "y": 7
          }
        ],
        "x": 3,
        "y": 6,
        "parents": []
      },
      {
        "symbol": "M",
        "children": [
          {
            "x": 5,
            "y": 7
          },
          {
            "x": 6,
            "y": 7
          }
        ],
        "x": 6,
        "y": 6,
        "parents": []
      },
      {
        "symbol": "R",
        "children": [
          {
            "x": 0,
            "y": 8
          }
        ],
        "x": 0,
        "y": 7,
        "parents": []
      },
      {
        "symbol": "?",
        "children": [
          {
            "x": 4,
            "y": 8
          }
        ],
        "x": 4,
        "y": 7,
        "parents": []
      },
      {
        "symbol": "?",
        "children": [
          {
            "x": 4,
            "y": 8
          }
        ],
        "x": 5,
        "y": 7,
        "parents": []
      },
      {
        "symbol": "R",
        "children": [
          {
            "x": 5,
            "y": 8
          }
        ],
        "x": 6,
        "y": 7,
        "parents": []
      },
      {
        "symbol": "T",
        "children": [
          {
            "x": 0,
            "y": 9
          },
          {
            "x": 1,
            "y": 9
          }
        ],
        "x": 0,
        "y": 8,
        "parents": []
      },
      {
        "symbol": "T",
        "children": [
          {
            "x": 3,
            "y": 9
          }
        ],
        "x": 4,
        "y": 8,
        "parents": []
      },
      {
        "symbol": "T",
        "children": [
          {
            "x": 6,
            "y": 9
          }
        ],
        "x": 5,
        "y": 8,
        "parents": []
      },
      {
        "symbol": "?",
        "children": [
          {
            "x": 0,
            "y": 10
          }
        ],
        "x": 0,
        "y": 9,
        "parents": []
      },
      {
        "symbol": "M",
        "children": [
          {
            "x": 1,
            "y": 10
          }
        ],
        "x": 1,
        "y": 9,
        "parents": []
      },
      {
        "symbol": "?",
        "children": [
          {
            "x": 2,
            "y": 10
          },
          {
            "x": 4,
            "y": 10
          }
        ],
        "x": 3,
        "y": 9,
        "parents": []
      },
      {
        "symbol": "M",
        "children": [
          {
            "x": 5,
            "y": 10
          }
        ],
        "x": 6,
        "y": 9,
        "parents": []
      },
      {
        "symbol": "?",
        "children": [
          {
            "x": 0,
            "y": 11
          }
        ],
        "x": 0,
        "y": 10,
        "parents": []
      },
      {
        "symbol": "E",
        "children": [
          {
            "x": 0,
            "y": 11
          },
          {
            "x": 2,
            "y": 11
          }
        ],
        "x": 1,
        "y": 10,
        "parents": []
      },
      {
        "symbol": "M",
        "children": [
          {
            "x": 3,
            "y": 11
          }
        ],
        "x": 2,
        "y": 10,
        "parents": []
      },
      {
        "symbol": "E",
        "children": [
          {
            "x": 5,
            "y": 11
          }
        ],
        "x": 4,
        "y": 10,
        "parents": []
      },
      {
        "symbol": "M",
        "children": [
          {
            "x": 5,
            "y": 11
          }
        ],
        "x": 5,
        "y": 10,
        "parents": []
      },
      {
        "symbol": "M",
        "children": [
          {
            "x": 0,
            "y": 12
          }
        ],
        "x": 0,
        "y": 11,
        "parents": []
      },
      {
        "symbol": "R",
        "children": [
          {
            "x": 2,
            "y": 12
          }
        ],
        "x": 2,
        "y": 11,
        "parents": []
      },
      {
        "symbol": "M",
        "children": [
          {
            "x": 3,
            "y": 12
          }
        ],
        "x": 3,
        "y": 11,
        "parents": []
      },
      {
        "symbol": "M",
        "children": [
          {
            "x": 5,
            "y": 12
          },
          {
            "x": 6,
            "y": 12
          }
        ],
        "x": 5,
        "y": 11,
        "parents": []
      },
      {
        "symbol": "M",
        "children": [
          {
            "x": 0,
            "y": 13
          },
          {
            "x": 1,
            "y": 13
          }
        ],
        "x": 0,
        "y": 12,
        "parents": []
      },
      {
        "symbol": "M",
        "children": [
          {
            "x": 1,
            "y": 13
          }
        ],
        "x": 2,
        "y": 12,
        "parents": []
      },
      {
        "symbol": "?",
        "children": [
          {
            "x": 4,
            "y": 13
          }
        ],
        "x": 3,
        "y": 12,
        "parents": []
      },
      {
        "symbol": "M",
        "children": [
          {
            "x": 4,
            "y": 13
          }
        ],
        "x": 5,
        "y": 12,
        "parents": []
      },
      {
        "symbol": "R",
        "children": [
          {
            "x": 5,
            "y": 13
          }
        ],
        "x": 6,
        "y": 12,
        "parents": []
      },
      {
        "symbol": "$",
        "children": [
          {
            "x": 0,
            "y": 14
          }
        ],
        "x": 0,
        "y": 13,
        "parents": []
      },
      {
        "symbol": "?",
        "children": [
          {
            "x": 0,
            "y": 14
          },
          {
            "x": 2,
            "y": 14
          }
        ],
        "x": 1,
        "y": 13,
        "parents": []
      },
      {
        "symbol": "$",
        "children": [
          {
            "x": 4,
            "y": 14
          }
        ],
        "x": 4,
        "y": 13,
        "parents": []
      },
      {
        "symbol": "M",
        "children": [
          {
            "x": 4,
            "y": 14
          }
        ],
        "x": 5,
        "y": 13,
        "parents": []
      },
      {
        "symbol": "R",
        "children": [
          {
            "x": 3,
            "y": 16
          }
        ],
        "x": 0,
        "y": 14,
        "parents": []
      },
      {
        "symbol": "R",
        "children": [
          {
            "x": 3,
            "y": 16
          }
        ],
        "x": 2,
        "y": 14,
        "parents": []
      },
      {
        "symbol": "R",
        "children": [
          {
            "x": 3,
            "y": 16
          }
        ],
        "x": 4,
        "y": 14,
        "parents": []
      }
    ],
    "room_type": "MonsterRoom"
  }
}
